<?xml version="1.0" encoding="UTF-8"?>
<testsuite xmlns:xsi="http://www.w3.org/2001/XMLSchema-instance" xsi:noNamespaceSchemaLocation="https://maven.apache.org/surefire/maven-surefire-plugin/xsd/surefire-test-report-3.0.xsd" version="3.0" name="RationalTest" time="0.085" tests="9" errors="0" skipped="0" failures="0">
  <properties>
    <property name="sun.desktop" value="windows"/>
    <property name="awt.toolkit" value="sun.awt.windows.WToolkit"/>
    <property name="file.encoding.pkg" value="sun.io"/>
    <property name="java.specification.version" value="1.8"/>
    <property name="sun.cpu.isalist" value="amd64"/>
    <property name="sun.jnu.encoding" value="Cp1252"/>
    <property name="java.class.path" value="C:\Users\jakgh\Downloads\ICT WORK\ICT y4\QA\Rational\target\test-classes;C:\Users\jakgh\Downloads\ICT WORK\ICT y4\QA\Rational\target\classes;C:\Users\jakgh\.m2\repository\junit\junit\4.13\junit-4.13.jar;C:\Users\jakgh\.m2\repository\org\hamcrest\hamcrest-core\1.3\hamcrest-core-1.3.jar;"/>
    <property name="java.vm.vendor" value="Amazon.com Inc."/>
    <property name="sun.arch.data.model" value="64"/>
    <property name="user.variant" value=""/>
    <property name="java.vendor.url" value="https://aws.amazon.com/corretto/"/>
    <property name="user.timezone" value="Asia/Bangkok"/>
    <property name="java.vm.specification.version" value="1.8"/>
    <property name="os.name" value="Windows 11"/>
    <property name="user.country" value="US"/>
    <property name="sun.java.launcher" value="SUN_STANDARD"/>
    <property name="sun.boot.library.path" value="C:\Users\jakgh\.jdks\corretto-1.8.0_462\jre\bin"/>
    <property name="sun.java.command" value="C:\Users\jakgh\AppData\Local\Temp\surefire694450109484640451\surefirebooter-20250906210316511_3.jar C:\Users\jakgh\AppData\Local\Temp\surefire694450109484640451 2025-09-06T21-03-12_861-jvmRun1 surefire-20250906210316511_1tmp surefire_0-20250906210316511_2tmp"/>
    <property name="surefire.test.class.path" value="C:\Users\jakgh\Downloads\ICT WORK\ICT y4\QA\Rational\target\test-classes;C:\Users\jakgh\Downloads\ICT WORK\ICT y4\QA\Rational\target\classes;C:\Users\jakgh\.m2\repository\junit\junit\4.13\junit-4.13.jar;C:\Users\jakgh\.m2\repository\org\hamcrest\hamcrest-core\1.3\hamcrest-core-1.3.jar;"/>
    <property name="sun.cpu.endian" value="little"/>
    <property name="user.home" value="C:\Users\jakgh"/>
    <property name="user.language" value="en"/>
    <property name="java.specification.vendor" value="Oracle Corporation"/>
    <property name="java.home" value="C:\Users\jakgh\.jdks\corretto-1.8.0_462\jre"/>
    <property name="basedir" value="C:\Users\jakgh\Downloads\ICT WORK\ICT y4\QA\Rational"/>
    <property name="file.separator" value="\"/>
    <property name="line.separator" value="&#10;"/>
    <property name="java.vm.specification.vendor" value="Oracle Corporation"/>
    <property name="java.specification.name" value="Java Platform API Specification"/>
    <property name="java.awt.graphicsenv" value="sun.awt.Win32GraphicsEnvironment"/>
    <property name="surefire.real.class.path" value="C:\Users\jakgh\AppData\Local\Temp\surefire694450109484640451\surefirebooter-20250906210316511_3.jar"/>
    <property name="sun.boot.class.path" value="C:\Users\jakgh\.jdks\corretto-1.8.0_462\jre\lib\resources.jar;C:\Users\jakgh\.jdks\corretto-1.8.0_462\jre\lib\rt.jar;C:\Users\jakgh\.jdks\corretto-1.8.0_462\jre\lib\sunrsasign.jar;C:\Users\jakgh\.jdks\corretto-1.8.0_462\jre\lib\jsse.jar;C:\Users\jakgh\.jdks\corretto-1.8.0_462\jre\lib\jce.jar;C:\Users\jakgh\.jdks\corretto-1.8.0_462\jre\lib\charsets.jar;C:\Users\jakgh\.jdks\corretto-1.8.0_462\jre\lib\jfr.jar;C:\Users\jakgh\.jdks\corretto-1.8.0_462\jre\classes"/>
    <property name="user.script" value=""/>
    <property name="sun.management.compiler" value="HotSpot 64-Bit Tiered Compilers"/>
    <property name="java.runtime.version" value="1.8.0_462-b08"/>
    <property name="user.name" value="jakgh"/>
    <property name="path.separator" value=";"/>
    <property name="os.version" value="10.0"/>
    <property name="java.endorsed.dirs" value="C:\Users\jakgh\.jdks\corretto-1.8.0_462\jre\lib\endorsed"/>
    <property name="java.runtime.name" value="OpenJDK Runtime Environment"/>
    <property name="file.encoding" value="Cp1252"/>
    <property name="java.vm.name" value="OpenJDK 64-Bit Server VM"/>
    <property name="localRepository" value="C:\Users\jakgh\.m2\repository"/>
    <property name="java.vendor.url.bug" value="https://github.com/corretto/corretto-8/issues/"/>
    <property name="java.io.tmpdir" value="C:\Users\jakgh\AppData\Local\Temp\"/>
    <property name="idea.version" value="2023.3.8"/>
    <property name="java.version" value="1.8.0_462"/>
    <property name="user.dir" value="C:\Users\jakgh\Downloads\ICT WORK\ICT y4\QA\Rational"/>
    <property name="os.arch" value="amd64"/>
    <property name="java.vm.specification.name" value="Java Virtual Machine Specification"/>
    <property name="java.awt.printerjob" value="sun.awt.windows.WPrinterJob"/>
    <property name="sun.os.patch.level" value=""/>
    <property name="java.library.path" value="C:\Users\jakgh\.jdks\corretto-1.8.0_462\jre\bin;C:\WINDOWS\Sun\Java\bin;C:\WINDOWS\system32;C:\WINDOWS;C:\Users\jakgh\miniconda3\condabin;C:\Program Files\Amazon Corretto\jdk21.0.7_6\bin;C:\Program Files\NVIDIA GPU Computing Toolkit\CUDA\v12.9\bin;C:\Program Files\NVIDIA GPU Computing Toolkit\CUDA\v12.9\libnvvp;C:\Program Files\Common Files\Oracle\Java\javapath;C:\Program Files (x86)\Common Files\Oracle\Java\java8path;C:\Program Files (x86)\Common Files\Oracle\Java\javapath;C:\Program Files\Python312\Scripts\;C:\Program Files\Python312\;C:\Windows\system32;C:\Windows;C:\Windows\System32\Wbem;C:\Windows\System32\WindowsPowerShell\v1.0\;C:\Windows\System32\OpenSSH\;C:\Program Files (x86)\NVIDIA Corporation\PhysX\Common;C:\Program Files\NVIDIA Corporation\NVIDIA NvDLISR;C:\Program Files\dotnet\;C:\Program Files\Git\cmd;C:\Program Files (x86)\Java\jre-1.8\bin;C:\Program Files\nodejs\;C:\MinGW\bin;C:\Users\jakgh\AppData\Local\Programs\Python\Python312;C:\Users\jakgh\AppData\Local\Programs\Python\Python312\Scripts;C:\Program Files\MongoDB\Server\7.0\bin;C:\Users\jakgh\Downloads\ICT WORK\Parallel\mongodb-database-tools-windows-x86_64-100.10.0\mongodb-database-tools-windows-x86_64-100.10.0\bin;C:\Users\jakgh\AppData\Local\Programs\mongosh;C:\WINDOWS\system32;C:\WINDOWS;C:\WINDOWS\System32\Wbem;C:\WINDOWS\System32\WindowsPowerShell\v1.0\;C:\WINDOWS\System32\OpenSSH\;C:\Users\jakgh\Downloads\Installers\gradle-8.13-all\gradle-8.13\bin;C:\Program Files\Docker\Docker\resources\bin;C:\Program Files\NVIDIA Corporation\Nsight Compute 2025.2.0\;C:\Program Files\NVIDIA Corporation\NVIDIA App\NvDLISR;C:\Program Files (x86)\Pulse Secure\VC142.CRT\X64\;C:\Program Files (x86)\Pulse Secure\VC142.CRT\X86\;C:\Program Files (x86)\Common Files\Pulse Secure\TNC Client Plugin\;C:\Users\jakgh\miniconda3;C:\Users\jakgh\miniconda3\Library\mingw-w64\bin;C:\Users\jakgh\miniconda3\Library\usr\bin;C:\Users\jakgh\miniconda3\Library\bin;C:\Users\jakgh\miniconda3\Scripts;C:\Users\jakgh\AppData\Local\Programs\Python\Launcher\;C:\Program Files (x86)\Java\jre-1.8\bin;C:\Program Files\Azure Data Studio\bin;C:\Users\jakgh\VScode\Microsoft VS Code\bin;C:\Users\jakgh\AppData\Roaming\npm;C:\Users\jakgh\AppData\Local\Programs\Python\Python312;C:\Users\jakgh\AppData\Local\Programs\Python\Python312\Scripts;C:\Users\jakgh\AppData\Local\Microsoft\WindowsApps;C:\Users\jakgh\AppData\Local\GitHubDesktop\bin;C:\Program Files\JetBrains\IntelliJ IDEA 2024.3.4.1\bin;;C:\Program Files\JetBrains\IntelliJ IDEA Community Edition 2023.3.8\bin;;C:\dart-sdk\bin;C:\flutter\bin;."/>
    <property name="java.vm.info" value="mixed mode"/>
    <property name="java.vendor" value="Amazon.com Inc."/>
    <property name="java.vm.version" value="25.462-b08"/>
    <property name="java.specification.maintenance.version" value="6"/>
    <property name="java.ext.dirs" value="C:\Users\jakgh\.jdks\corretto-1.8.0_462\jre\lib\ext;C:\WINDOWS\Sun\Java\lib\ext"/>
    <property name="sun.io.unicode.encoding" value="UnicodeLittle"/>
    <property name="java.class.version" value="52.0"/>
  </properties>
  <testcase name="testAdd" classname="RationalTest" time="0.022">
    <system-out><![CDATA[Initializing the two Rational numbers.
Clear up the two Rational numbers.
]]></system-out>
  </testcase>
  <testcase name="testSubtract" classname="RationalTest" time="0.004">
    <system-out><![CDATA[Initializing the two Rational numbers.
Clear up the two Rational numbers.
]]></system-out>
  </testcase>
  <testcase name="testToString" classname="RationalTest" time="0.002">
    <system-out><![CDATA[Initializing the two Rational numbers.
Clear up the two Rational numbers.
]]></system-out>
  </testcase>
  <testcase name="testCompare1" classname="RationalTest" time="0.002">
    <system-out><![CDATA[Initializing the two Rational numbers.
Clear up the two Rational numbers.
]]></system-out>
  </testcase>
  <testcase name="testCompare" classname="RationalTest" time="0.001">
    <system-out><![CDATA[Initializing the two Rational numbers.
Clear up the two Rational numbers.
]]></system-out>
  </testcase>
  <testcase name="testSubtract2" classname="RationalTest" time="0.001">
    <system-out><![CDATA[Initializing the two Rational numbers.
Clear up the two Rational numbers.
]]></system-out>
  </testcase>
  <testcase name="testDivide" classname="RationalTest" time="0.0">
    <system-out><![CDATA[Initializing the two Rational numbers.
Clear up the two Rational numbers.
]]></system-out>
  </testcase>
  <testcase name="testEquals" classname="RationalTest" time="0.0">
    <system-out><![CDATA[Initializing the two Rational numbers.
Clear up the two Rational numbers.
]]></system-out>
  </testcase>
  <testcase name="testMultiply" classname="RationalTest" time="0.0">
    <system-out><![CDATA[Initializing the two Rational numbers.
Clear up the two Rational numbers.
]]></system-out>
  </testcase>
</testsuite>